ene 19 10:42:11 host=smtp.gmail.com tls=on auth=on user=niconecrofilo589@gmail.com from=niconecrofilo589@gmail.com recipients=agusdayi2513@yandex.com mailsize=325 smtpstatus=250 smtpmsg='250 2.0.0 OK  1642599729 be4sm6691415oib.56 - gsmtp' exitcode=EX_OK
ene 19 16:00:17 host=smtp.gmail.com tls=on auth=on user=aguscea18@gmail.com from=aguscea18@gmail.com recipients=rrhh.busqueda@hotmail.com mailsize=475923 smtpstatus=250 smtpmsg='250 2.0.0 OK  1642618815 i10sm197546otf.72 - gsmtp' exitcode=EX_OK
ene 19 16:05:03 host=smtp.gmail.com tls=on auth=on user=aguscea18@gmail.com from=aguscea18@gmail.com recipients=buhoconsultoresgastronomicos@outlook.com mailsize=475969 smtpstatus=250 smtpmsg='250 2.0.0 OK  1642619101 c4sm267741otp.34 - gsmtp' exitcode=EX_OK
ene 31 12:17:48 host=smtp.gmail.com tls=on auth=on user=niconecrofilo589@gmail.com from=niconecrofilo589@gmail.com recipients=aguscea18@gmail.com mailsize=313 smtpstatus=250 smtpmsg='250 2.0.0 OK  1643642267 t14sm1905959vkb.2 - gsmtp' exitcode=EX_OK
feb 11 02:21:45 host=smtp.gmail.com tls=on auth=on user=niconecrofilo589@gmail.com from=niconecrofilo589@gmail.com recipients=aguscea18@gmail.com smtpstatus=552 smtpmsg='552-5.2.3 Your message exceeded Google?s message size limits. Please visit\n552-5.2.3  https://support.google.com/mail/?p=MaxSizeError to view our size\n552 5.2.3 guidelines. p5sm8939074oou.39 - gsmtp' errormsg='the server did not accept the mail' exitcode=EX_UNAVAILABLE
feb 11 02:22:58 host=smtp.gmail.com tls=on auth=on user=niconecrofilo589@gmail.com from=niconecrofilo589@gmail.com recipients=aguscea18@gmail.com smtpstatus=552 smtpmsg='552-5.2.3 Your message exceeded Google?s message size limits. Please visit\n552-5.2.3  https://support.google.com/mail/?p=MaxSizeError to view our size\n552 5.2.3 guidelines. j5sm8906017oou.23 - gsmtp' errormsg='the server did not accept the mail' exitcode=EX_UNAVAILABLE
feb 11 10:59:08 host=smtp.gmail.com tls=on auth=on user=niconecrofilo589@gmail.com from=niconecrofilo589@gmail.com recipients=aguscea18@gmail.com smtpstatus=552 smtpmsg='552-5.2.3 Your message exceeded Google?s message size limits. Please visit\n552-5.2.3  https://support.google.com/mail/?p=MaxSizeError to view our size\n552 5.2.3 guidelines. d14sm9396604ooh.44 - gsmtp' errormsg='the server did not accept the mail' exitcode=EX_UNAVAILABLE
feb 11 11:03:17 host=smtp.gmail.com tls=on auth=on user=niconecrofilo589@gmail.com from=niconecrofilo589@gmail.com recipients=aguscea18@gmail.com mailsize=18076782 smtpstatus=250 smtpmsg='250 2.0.0 OK  1644588197 bk4sm9991468oib.24 - gsmtp' exitcode=EX_OK
feb 11 11:11:22 host=smtp.gmail.com tls=on auth=on user=aguscea18@gmail.com from=aguscea18@gmail.com recipients=restituciones@frro.utn.edu.ar mailsize=1596 smtpstatus=250 smtpmsg='250 2.0.0 OK  1644588682 t13sm4428544oai.37 - gsmtp' exitcode=EX_OK
feb 11 11:15:12 host=smtp.gmail.com tls=on auth=on user=niconecrofilo589@gmail.com from=niconecrofilo589@gmail.com recipients=aguscea18@gmail.com mailsize=21839283 smtpstatus=250 smtpmsg='250 2.0.0 OK  1644588912 j6sm9086548otq.76 - gsmtp' exitcode=EX_OK
feb 14 16:03:48 host=smtp.gmail.com tls=on auth=on user=aguscea18@gmail.com from=aguscea18@gmail.com recipients=rrhh.busqueda@hotmail.com mailsize=466368 smtpstatus=250 smtpmsg='250 2.0.0 OK  1644865427 v32sm2252270oaa.4 - gsmtp' exitcode=EX_OK
feb 14 16:04:41 host=smtp.gmail.com tls=on auth=on user=aguscea18@gmail.com from=aguscea18@gmail.com recipients=familiaherediaramos@gmail.com mailsize=466406 smtpstatus=250 smtpmsg='250 2.0.0 OK  1644865480 y15sm12759326oof.37 - gsmtp' exitcode=EX_OK
feb 14 16:06:10 host=smtp.gmail.com tls=on auth=on user=aguscea18@gmail.com from=aguscea18@gmail.com recipients=empleadosbar@hotmail.com mailsize=466340 smtpstatus=250 smtpmsg='250 2.0.0 OK  1644865569 p19sm516119oto.1 - gsmtp' exitcode=EX_OK
mar 01 01:55:31 host=smtp.gmail.com tls=on auth=on user=niconecrofilo589@gmail.com from=niconecrofilo589@gmail.com recipients=aguscea18@gmail.com mailsize=1673259 smtpstatus=250 smtpmsg='250 2.0.0 OK  1646110531 l12-20020a056830154c00b005af943e7a4asm5880217otp.71 - gsmtp' exitcode=EX_OK
mar 01 01:56:50 host=smtp.gmail.com tls=on auth=on user=niconecrofilo589@gmail.com from=niconecrofilo589@gmail.com recipients=aguscea18@gmail.com mailsize=3324247 smtpstatus=250 smtpmsg='250 2.0.0 OK  1646110610 bd14-20020a056808220e00b002d53f900b9csm7571868oib.30 - gsmtp' exitcode=EX_OK
mar 01 22:51:39 host=smtp.gmail.com tls=on auth=on user=niconecrofilo589@gmail.com from=niconecrofilo589@gmail.com recipients=aguscea18@gmail.com mailsize=943098 smtpstatus=250 smtpmsg='250 2.0.0 OK  1646185898 he19-20020a056870799300b000d75f1d9b8dsm934354oab.58 - gsmtp' exitcode=EX_OK
mar 01 23:31:44 host=smtp.gmail.com tls=on auth=on user=niconecrofilo589@gmail.com from=niconecrofilo589@gmail.com recipients=aguscea18@gmail.com mailsize=1561789 smtpstatus=250 smtpmsg='250 2.0.0 OK  1646188302 e29-20020a4a91dd000000b002df9015e234sm7088654ooh.41 - gsmtp' exitcode=EX_OK
mar 10 00:07:58 host=smtp.gmail.com tls=on auth=on user=aguscea18@gmail.com from=aguscea18@gmail.com recipients=administracion@ikaruga.com.ar mailsize=363519 smtpstatus=250 smtpmsg='250 2.0.0 OK  1646881678 s22-20020a056830149600b005b24a96174asm1813896otq.8 - gsmtp' exitcode=EX_OK
mar 10 18:32:45 host=smtp.gmail.com tls=on auth=on user=aguscea18@gmail.com from=aguscea18@gmail.com recipients=maxigblas@gmail.com mailsize=2874 smtpstatus=250 smtpmsg='250 2.0.0 OK  1646947964 g2-20020a9d5f82000000b005af678c9cfdsm2857152oti.41 - gsmtp' exitcode=EX_OK
mar 10 19:47:18 host=smtp.gmail.com tls=on auth=on user=aguscea18@gmail.com from=aguscea18@gmail.com recipients=depto.alumnos@frro.utn.edu.ar mailsize=76884 smtpstatus=250 smtpmsg='250 2.0.0 OK  1646952437 l13-20020a056830054d00b005a3cce351a1sm2946513otb.28 - gsmtp' exitcode=EX_OK
mar 14 22:07:29 host=smtp.gmail.com tls=on auth=on user=niconecrofilo589@gmail.com from=niconecrofilo589@gmail.com recipients=aguscea18@gmail.com mailsize=363330 smtpstatus=250 smtpmsg='250 2.0.0 OK  1647306449 y3-20020a4a8043000000b00320f91db799sm8157293oof.41 - gsmtp' exitcode=EX_OK
mar 14 22:42:01 host=smtp.gmail.com tls=on auth=on user=aguscea18@gmail.com from=aguscea18@gmail.com recipients=capacitacion@frro.utn.edu.ar mailsize=1862 smtpstatus=250 smtpmsg='250 2.0.0 OK  1647308520 bn14-20020a056808230e00b002da0c0f502esm8503915oib.24 - gsmtp' exitcode=EX_OK
